Nov 24 20:05:25 ip-10-134-226-123 sshd[457]: Server listening on 0.0.0.0 port 22.
Nov 24 20:05:25 ip-10-134-226-123 sshd[457]: Server listening on :: port 22.
Nov 24 20:06:13 ip-10-134-226-123 groupadd[1734]: group added to /etc/group: name=postfix, GID=113
Nov 24 20:06:13 ip-10-134-226-123 groupadd[1734]: group added to /etc/gshadow: name=postfix
Nov 24 20:06:13 ip-10-134-226-123 groupadd[1734]: new group: name=postfix, GID=113
Nov 24 20:06:13 ip-10-134-226-123 useradd[1740]: new user: name=postfix, UID=106, GID=113, home=/var/spool/postfix, shell=/bin/false
Nov 24 20:06:13 ip-10-134-226-123 usermod[1745]: change user 'postfix' password
Nov 24 20:06:13 ip-10-134-226-123 chage[1750]: changed password expiry for postfix
Nov 24 20:06:13 ip-10-134-226-123 groupadd[1794]: group added to /etc/group: name=postdrop, GID=114
Nov 24 20:06:13 ip-10-134-226-123 groupadd[1794]: group added to /etc/gshadow: name=postdrop
Nov 24 20:06:13 ip-10-134-226-123 groupadd[1794]: new group: name=postdrop, GID=114
Nov 24 20:06:33 ip-10-134-226-123 sshd[457]: Received signal 15; terminating.
Nov 24 20:06:33 ip-10-134-226-123 sshd[5980]: Server listening on 0.0.0.0 port 22.
Nov 24 20:06:33 ip-10-134-226-123 sshd[5980]: Server listening on :: port 22.
Nov 24 20:09:01 ip-10-134-226-123 CRON[6045]: pam_unix(cron:session): session opened for user root by (uid=0)
Nov 24 20:09:01 ip-10-134-226-123 CRON[6045]: pam_unix(cron:session): session closed for user root
Nov 24 20:17:01 ip-10-134-226-123 CRON[6055]: pam_unix(cron:session): session opened for user root by (uid=0)
Nov 24 20:17:01 ip-10-134-226-123 CRON[6055]: pam_unix(cron:session): session closed for user root
Nov 24 20:39:01 ip-10-134-226-123 CRON[6059]: pam_unix(cron:session): session opened for user root by (uid=0)
Nov 24 20:39:01 ip-10-134-226-123 CRON[6059]: pam_unix(cron:session): session closed for user root
Nov 24 21:09:01 ip-10-134-226-123 CRON[6089]: pam_unix(cron:session): session opened for user root by (uid=0)
Nov 24 21:09:01 ip-10-134-226-123 CRON[6089]: pam_unix(cron:session): session closed for user root
Nov 24 21:13:04 ip-10-134-226-123 sshd[6099]: Accepted publickey for root from 174.17.107.189 port 50018 ssh2
Nov 24 21:13:04 ip-10-134-226-123 sshd[6099]: pam_unix(sshd:session): session opened for user root by (uid=0)
Nov 24 21:13:29 ip-10-134-226-123 sshd[6099]: Received disconnect from 174.17.107.189: 11: User exited
Nov 24 21:13:29 ip-10-134-226-123 sshd[6099]: pam_unix(sshd:session): session closed for user root
Nov 24 21:14:37 ip-10-134-226-123 sshd[6250]: Accepted publickey for root from 174.17.107.189 port 50035 ssh2
Nov 24 21:14:37 ip-10-134-226-123 sshd[6250]: pam_unix(sshd:session): session opened for user root by (uid=0)
Nov 24 21:17:01 ip-10-134-226-123 CRON[6329]: pam_unix(cron:session): session opened for user root by (uid=0)
Nov 24 21:17:01 ip-10-134-226-123 CRON[6329]: pam_unix(cron:session): session closed for user root
Nov 24 21:32:26 ip-10-134-226-123 sshd[6333]: Did not receive identification string from 125.77.254.51
Nov 24 21:39:01 ip-10-134-226-123 CRON[6335]: pam_unix(cron:session): session opened for user root by (uid=0)
Nov 24 21:39:01 ip-10-134-226-123 CRON[6335]: pam_unix(cron:session): session closed for user root
Nov 24 21:55:53 ip-10-134-226-123 sshd[6250]: Received disconnect from 174.17.107.189: 11: User exited
Nov 24 21:55:53 ip-10-134-226-123 sshd[6250]: pam_unix(sshd:session): session closed for user root
Nov 24 22:09:01 ip-10-134-226-123 CRON[6349]: pam_unix(cron:session): session opened for user root by (uid=0)
Nov 24 22:09:01 ip-10-134-226-123 CRON[6349]: pam_unix(cron:session): session closed for user root
Nov 24 22:17:01 ip-10-134-226-123 CRON[6359]: pam_unix(cron:session): session opened for user root by (uid=0)
Nov 24 22:17:01 ip-10-134-226-123 CRON[6359]: pam_unix(cron:session): session closed for user root
Nov 24 22:39:01 ip-10-134-226-123 CRON[6363]: pam_unix(cron:session): session opened for user root by (uid=0)
Nov 24 22:39:01 ip-10-134-226-123 CRON[6363]: pam_unix(cron:session): session closed for user root
Nov 24 23:09:01 ip-10-134-226-123 CRON[6389]: pam_unix(cron:session): session opened for user root by (uid=0)
Nov 24 23:09:01 ip-10-134-226-123 CRON[6389]: pam_unix(cron:session): session closed for user root
Nov 24 23:16:03 ip-10-134-226-123 sshd[6403]: Accepted publickey for root from 174.17.107.189 port 51361 ssh2
Nov 24 23:16:03 ip-10-134-226-123 sshd[6403]: pam_unix(sshd:session): session opened for user root by (uid=0)
Nov 24 23:16:04 ip-10-134-226-123 sshd[6403]: subsystem request for sftp
Nov 24 23:17:01 ip-10-134-226-123 CRON[6472]: pam_unix(cron:session): session opened for user root by (uid=0)
Nov 24 23:17:01 ip-10-134-226-123 CRON[6472]: pam_unix(cron:session): session closed for user root
Nov 24 23:19:34 ip-10-134-226-123 sshd[6479]: Accepted publickey for root from 174.17.107.189 port 51413 ssh2
Nov 24 23:19:34 ip-10-134-226-123 sshd[6479]: pam_unix(sshd:session): session opened for user root by (uid=0)
Nov 24 23:19:34 ip-10-134-226-123 sshd[6480]: Accepted publickey for root from 174.17.107.189 port 51414 ssh2
Nov 24 23:19:34 ip-10-134-226-123 sshd[6480]: pam_unix(sshd:session): session opened for user root by (uid=0)
Nov 24 23:19:35 ip-10-134-226-123 sshd[6479]: subsystem request for sftp
Nov 24 23:19:35 ip-10-134-226-123 sshd[6480]: subsystem request for sftp
Nov 24 23:39:01 ip-10-134-226-123 CRON[6617]: pam_unix(cron:session): session opened for user root by (uid=0)
Nov 24 23:39:01 ip-10-134-226-123 CRON[6617]: pam_unix(cron:session): session closed for user root
Nov 25 00:09:01 ip-10-134-226-123 CRON[6627]: pam_unix(cron:session): session opened for user root by (uid=0)
Nov 25 00:09:01 ip-10-134-226-123 CRON[6627]: pam_unix(cron:session): session closed for user root
Nov 25 00:15:52 ip-10-134-226-123 sshd[6789]: Invalid user router from 125.77.254.51
Nov 25 00:17:01 ip-10-134-226-123 CRON[6836]: pam_unix(cron:session): session opened for user root by (uid=0)
Nov 25 00:17:01 ip-10-134-226-123 CRON[6836]: pam_unix(cron:session): session closed for user root
Nov 25 00:39:01 ip-10-134-226-123 CRON[7238]: pam_unix(cron:session): session opened for user root by (uid=0)
Nov 25 00:39:01 ip-10-134-226-123 CRON[7238]: pam_unix(cron:session): session closed for user root
Nov 25 00:41:18 ip-10-134-226-123 sshd[7248]: Accepted publickey for root from 174.17.107.189 port 52503 ssh2
Nov 25 00:41:18 ip-10-134-226-123 sshd[7248]: pam_unix(sshd:session): session opened for user root by (uid=0)
Nov 25 01:09:01 ip-10-134-226-123 CRON[7334]: pam_unix(cron:session): session opened for user root by (uid=0)
Nov 25 01:09:01 ip-10-134-226-123 CRON[7334]: pam_unix(cron:session): session closed for user root
Nov 25 01:11:34 ip-10-134-226-123 sshd[6480]: pam_unix(sshd:session): session closed for user root
Nov 25 01:11:34 ip-10-134-226-123 sshd[6479]: pam_unix(sshd:session): session closed for user root
Nov 25 01:17:01 ip-10-134-226-123 CRON[7349]: pam_unix(cron:session): session opened for user root by (uid=0)
Nov 25 01:17:01 ip-10-134-226-123 CRON[7349]: pam_unix(cron:session): session closed for user root
Nov 25 01:39:01 ip-10-134-226-123 CRON[7353]: pam_unix(cron:session): session opened for user root by (uid=0)
Nov 25 01:39:01 ip-10-134-226-123 CRON[7353]: pam_unix(cron:session): session closed for user root
Nov 25 02:09:01 ip-10-134-226-123 CRON[7363]: pam_unix(cron:session): session opened for user root by (uid=0)
Nov 25 02:09:01 ip-10-134-226-123 CRON[7363]: pam_unix(cron:session): session closed for user root
Nov 25 02:17:01 ip-10-134-226-123 CRON[7373]: pam_unix(cron:session): session opened for user root by (uid=0)
Nov 25 02:17:01 ip-10-134-226-123 CRON[7373]: pam_unix(cron:session): session closed for user root
Nov 25 02:39:01 ip-10-134-226-123 CRON[7377]: pam_unix(cron:session): session opened for user root by (uid=0)
Nov 25 02:39:01 ip-10-134-226-123 CRON[7377]: pam_unix(cron:session): session closed for user root
Nov 25 02:40:02 ip-10-134-226-123 sshd[7387]: Accepted publickey for root from 174.17.107.189 port 53234 ssh2
Nov 25 02:40:02 ip-10-134-226-123 sshd[7387]: pam_unix(sshd:session): session opened for user root by (uid=0)
Nov 25 02:40:03 ip-10-134-226-123 sshd[7387]: subsystem request for sftp
Nov 25 02:41:07 ip-10-134-226-123 sshd[7387]: pam_unix(sshd:session): session closed for user root
Nov 25 02:56:51 ip-10-134-226-123 sudo:     root : TTY=pts/0 ; PWD=/ ; USER=root ; COMMAND=/usr/bin/apt-get purge phpmyadmin
Nov 25 02:57:59 ip-10-134-226-123 sudo:     root : TTY=pts/0 ; PWD=/ ; USER=root ; COMMAND=/usr/bin/apt-get purge php5-mysql
Nov 25 03:09:01 ip-10-134-226-123 CRON[9054]: pam_unix(cron:session): session opened for user root by (uid=0)
Nov 25 03:09:01 ip-10-134-226-123 CRON[9054]: pam_unix(cron:session): session closed for user root
Nov 25 03:17:01 ip-10-134-226-123 CRON[9065]: pam_unix(cron:session): session opened for user root by (uid=0)
Nov 25 03:17:01 ip-10-134-226-123 CRON[9065]: pam_unix(cron:session): session closed for user root
Nov 25 03:38:35 ip-10-134-226-123 sudo:     root : TTY=pts/0 ; PWD=/ ; USER=root ; COMMAND=/bin/netstat -tap
Nov 25 03:39:01 ip-10-134-226-123 CRON[9074]: pam_unix(cron:session): session opened for user root by (uid=0)
Nov 25 03:39:01 ip-10-134-226-123 CRON[9074]: pam_unix(cron:session): session closed for user root
Nov 25 03:50:47 ip-10-134-226-123 sshd[7248]: Received disconnect from 174.17.107.189: 11: User exited
Nov 25 03:50:47 ip-10-134-226-123 sshd[7248]: pam_unix(sshd:session): session closed for user root
Nov 25 03:51:01 ip-10-134-226-123 sshd[9527]: Accepted publickey for root from 174.17.107.189 port 54307 ssh2
Nov 25 03:51:01 ip-10-134-226-123 sshd[9527]: pam_unix(sshd:session): session opened for user root by (uid=0)
Nov 25 03:53:53 ip-10-134-226-123 sudo:     root : TTY=pts/0 ; PWD=/etc/apache2 ; USER=root ; COMMAND=/etc/init.d/apache2 restart
Nov 25 03:58:41 ip-10-134-226-123 sudo:     root : TTY=pts/0 ; PWD=/etc/apache2 ; USER=root ; COMMAND=/etc/init.d/apache2 restart
Nov 25 04:02:56 ip-10-134-226-123 sshd[9698]: Accepted publickey for root from 174.17.107.189 port 54436 ssh2
Nov 25 04:02:57 ip-10-134-226-123 sshd[9698]: pam_unix(sshd:session): session opened for user root by (uid=0)
Nov 25 04:02:57 ip-10-134-226-123 sshd[9698]: subsystem request for sftp
Nov 25 04:04:00 ip-10-134-226-123 sshd[9698]: pam_unix(sshd:session): session closed for user root
Nov 25 04:08:12 ip-10-134-226-123 sshd[9770]: Accepted publickey for root from 174.17.107.189 port 54523 ssh2
Nov 25 04:08:12 ip-10-134-226-123 sshd[9770]: pam_unix(sshd:session): session opened for user root by (uid=0)
Nov 25 04:08:13 ip-10-134-226-123 sshd[9770]: subsystem request for sftp
Nov 25 04:09:01 ip-10-134-226-123 CRON[9839]: pam_unix(cron:session): session opened for user root by (uid=0)
Nov 25 04:09:01 ip-10-134-226-123 CRON[9839]: pam_unix(cron:session): session closed for user root
Nov 25 04:09:16 ip-10-134-226-123 sshd[9770]: pam_unix(sshd:session): session closed for user root
Nov 25 04:17:01 ip-10-134-226-123 CRON[9853]: pam_unix(cron:session): session opened for user root by (uid=0)
Nov 25 04:17:01 ip-10-134-226-123 CRON[9853]: pam_unix(cron:session): session closed for user root
Nov 25 04:19:31 ip-10-134-226-123 sshd[9527]: Received disconnect from 174.17.107.189: 11: User exited
Nov 25 04:19:31 ip-10-134-226-123 sshd[9527]: pam_unix(sshd:session): session closed for user root
Nov 25 04:39:01 ip-10-134-226-123 CRON[9861]: pam_unix(cron:session): session opened for user root by (uid=0)
Nov 25 04:39:01 ip-10-134-226-123 CRON[9861]: pam_unix(cron:session): session closed for user root
Nov 25 05:02:31 ip-10-134-226-123 sshd[9871]: Accepted publickey for root from 174.17.107.189 port 55437 ssh2
Nov 25 05:02:31 ip-10-134-226-123 sshd[9871]: pam_unix(sshd:session): session opened for user root by (uid=0)
Nov 25 05:02:31 ip-10-134-226-123 sshd[9871]: subsystem request for sftp
Nov 25 05:03:35 ip-10-134-226-123 sshd[9871]: pam_unix(sshd:session): session closed for user root
Nov 25 05:09:01 ip-10-134-226-123 CRON[9943]: pam_unix(cron:session): session opened for user root by (uid=0)
Nov 25 05:09:01 ip-10-134-226-123 CRON[9943]: pam_unix(cron:session): session closed for user root
Nov 25 05:17:01 ip-10-134-226-123 CRON[9953]: pam_unix(cron:session): session opened for user root by (uid=0)
Nov 25 05:17:01 ip-10-134-226-123 CRON[9953]: pam_unix(cron:session): session closed for user root
Nov 25 05:39:01 ip-10-134-226-123 CRON[9957]: pam_unix(cron:session): session opened for user root by (uid=0)
Nov 25 05:39:01 ip-10-134-226-123 CRON[9957]: pam_unix(cron:session): session closed for user root
Nov 25 06:01:00 ip-10-134-226-123 sshd[9968]: Accepted publickey for root from 174.17.107.189 port 56042 ssh2
Nov 25 06:01:00 ip-10-134-226-123 sshd[9968]: pam_unix(sshd:session): session opened for user root by (uid=0)
Nov 25 06:01:01 ip-10-134-226-123 sshd[9968]: subsystem request for sftp
Nov 25 06:02:04 ip-10-134-226-123 sshd[9968]: pam_unix(sshd:session): session closed for user root
Nov 25 06:09:01 ip-10-134-226-123 CRON[10041]: pam_unix(cron:session): session opened for user root by (uid=0)
Nov 25 06:09:01 ip-10-134-226-123 CRON[10041]: pam_unix(cron:session): session closed for user root
Nov 25 06:17:01 ip-10-134-226-123 CRON[10051]: pam_unix(cron:session): session opened for user root by (uid=0)
Nov 25 06:17:01 ip-10-134-226-123 CRON[10051]: pam_unix(cron:session): session closed for user root
Nov 25 06:25:01 ip-10-134-226-123 CRON[10055]: pam_unix(cron:session): session opened for user root by (uid=0)
Nov 25 06:33:26 ip-10-134-226-123 CRON[10055]: pam_unix(cron:session): session closed for user root
Nov 25 06:39:01 ip-10-134-226-123 CRON[10204]: pam_unix(cron:session): session opened for user root by (uid=0)
Nov 25 06:39:01 ip-10-134-226-123 CRON[10204]: pam_unix(cron:session): session closed for user root
Nov 25 07:09:01 ip-10-134-226-123 CRON[10214]: pam_unix(cron:session): session opened for user root by (uid=0)
Nov 25 07:09:01 ip-10-134-226-123 CRON[10214]: pam_unix(cron:session): session closed for user root
Nov 25 07:17:01 ip-10-134-226-123 CRON[10225]: pam_unix(cron:session): session opened for user root by (uid=0)
Nov 25 07:17:01 ip-10-134-226-123 CRON[10225]: pam_unix(cron:session): session closed for user root
Nov 25 07:39:01 ip-10-134-226-123 CRON[10238]: pam_unix(cron:session): session opened for user root by (uid=0)
Nov 25 07:39:01 ip-10-134-226-123 CRON[10238]: pam_unix(cron:session): session closed for user root
Nov 25 07:56:27 ip-10-134-226-123 sshd[10249]: Did not receive identification string from 59.90.136.229
Nov 25 08:09:01 ip-10-134-226-123 CRON[10251]: pam_unix(cron:session): session opened for user root by (uid=0)
Nov 25 08:09:01 ip-10-134-226-123 CRON[10251]: pam_unix(cron:session): session closed for user root
Nov 25 08:17:01 ip-10-134-226-123 CRON[10261]: pam_unix(cron:session): session opened for user root by (uid=0)
Nov 25 08:17:01 ip-10-134-226-123 CRON[10261]: pam_unix(cron:session): session closed for user root
Nov 25 08:39:01 ip-10-134-226-123 CRON[10265]: pam_unix(cron:session): session opened for user root by (uid=0)
Nov 25 08:39:01 ip-10-134-226-123 CRON[10265]: pam_unix(cron:session): session closed for user root
Nov 25 09:09:01 ip-10-134-226-123 CRON[10353]: pam_unix(cron:session): session opened for user root by (uid=0)
Nov 25 09:09:01 ip-10-134-226-123 CRON[10353]: pam_unix(cron:session): session closed for user root
Nov 25 09:17:01 ip-10-134-226-123 CRON[10364]: pam_unix(cron:session): session opened for user root by (uid=0)
Nov 25 09:17:01 ip-10-134-226-123 CRON[10364]: pam_unix(cron:session): session closed for user root
Nov 25 09:39:01 ip-10-134-226-123 CRON[10369]: pam_unix(cron:session): session opened for user root by (uid=0)
Nov 25 09:39:01 ip-10-134-226-123 CRON[10369]: pam_unix(cron:session): session closed for user root
Nov 25 10:09:01 ip-10-134-226-123 CRON[10379]: pam_unix(cron:session): session opened for user root by (uid=0)
Nov 25 10:09:01 ip-10-134-226-123 CRON[10379]: pam_unix(cron:session): session closed for user root
Nov 25 10:17:01 ip-10-134-226-123 CRON[10389]: pam_unix(cron:session): session opened for user root by (uid=0)
Nov 25 10:17:01 ip-10-134-226-123 CRON[10389]: pam_unix(cron:session): session closed for user root
Nov 25 10:39:01 ip-10-134-226-123 CRON[10393]: pam_unix(cron:session): session opened for user root by (uid=0)
Nov 25 10:39:01 ip-10-134-226-123 CRON[10393]: pam_unix(cron:session): session closed for user root
Nov 25 11:09:01 ip-10-134-226-123 CRON[10404]: pam_unix(cron:session): session opened for user root by (uid=0)
Nov 25 11:09:01 ip-10-134-226-123 CRON[10404]: pam_unix(cron:session): session closed for user root
Nov 25 11:17:01 ip-10-134-226-123 CRON[10414]: pam_unix(cron:session): session opened for user root by (uid=0)
Nov 25 11:17:01 ip-10-134-226-123 CRON[10414]: pam_unix(cron:session): session closed for user root
Nov 25 11:39:01 ip-10-134-226-123 CRON[10418]: pam_unix(cron:session): session opened for user root by (uid=0)
Nov 25 11:39:01 ip-10-134-226-123 CRON[10418]: pam_unix(cron:session): session closed for user root
Nov 25 12:09:01 ip-10-134-226-123 CRON[10428]: pam_unix(cron:session): session opened for user root by (uid=0)
Nov 25 12:09:01 ip-10-134-226-123 CRON[10428]: pam_unix(cron:session): session closed for user root
Nov 25 12:17:01 ip-10-134-226-123 CRON[10438]: pam_unix(cron:session): session opened for user root by (uid=0)
Nov 25 12:17:01 ip-10-134-226-123 CRON[10438]: pam_unix(cron:session): session closed for user root
Nov 25 12:39:01 ip-10-134-226-123 CRON[10442]: pam_unix(cron:session): session opened for user root by (uid=0)
Nov 25 12:39:01 ip-10-134-226-123 CRON[10442]: pam_unix(cron:session): session closed for user root
Nov 25 12:54:05 ip-10-134-226-123 sshd[10453]: Did not receive identification string from 190.81.36.13
Nov 25 13:09:01 ip-10-134-226-123 CRON[10455]: pam_unix(cron:session): session opened for user root by (uid=0)
Nov 25 13:09:01 ip-10-134-226-123 CRON[10455]: pam_unix(cron:session): session closed for user root
Nov 25 13:17:01 ip-10-134-226-123 CRON[10465]: pam_unix(cron:session): session opened for user root by (uid=0)
Nov 25 13:17:01 ip-10-134-226-123 CRON[10465]: pam_unix(cron:session): session closed for user root
Nov 25 13:39:01 ip-10-134-226-123 CRON[10469]: pam_unix(cron:session): session opened for user root by (uid=0)
Nov 25 13:39:01 ip-10-134-226-123 CRON[10469]: pam_unix(cron:session): session closed for user root
Nov 25 14:09:01 ip-10-134-226-123 CRON[10479]: pam_unix(cron:session): session opened for user root by (uid=0)
Nov 25 14:09:01 ip-10-134-226-123 CRON[10479]: pam_unix(cron:session): session closed for user root
Nov 25 14:17:01 ip-10-134-226-123 CRON[10489]: pam_unix(cron:session): session opened for user root by (uid=0)
Nov 25 14:17:01 ip-10-134-226-123 CRON[10489]: pam_unix(cron:session): session closed for user root
Nov 25 14:39:01 ip-10-134-226-123 CRON[10494]: pam_unix(cron:session): session opened for user root by (uid=0)
Nov 25 14:39:01 ip-10-134-226-123 CRON[10494]: pam_unix(cron:session): session closed for user root
Nov 25 15:09:01 ip-10-134-226-123 CRON[10504]: pam_unix(cron:session): session opened for user root by (uid=0)
Nov 25 15:09:01 ip-10-134-226-123 CRON[10504]: pam_unix(cron:session): session closed for user root
Nov 25 15:17:01 ip-10-134-226-123 CRON[10514]: pam_unix(cron:session): session opened for user root by (uid=0)
Nov 25 15:17:01 ip-10-134-226-123 CRON[10514]: pam_unix(cron:session): session closed for user root
Nov 25 15:39:01 ip-10-134-226-123 CRON[10518]: pam_unix(cron:session): session opened for user root by (uid=0)
Nov 25 15:39:01 ip-10-134-226-123 CRON[10518]: pam_unix(cron:session): session closed for user root
Nov 25 16:09:01 ip-10-134-226-123 CRON[10529]: pam_unix(cron:session): session opened for user root by (uid=0)
Nov 25 16:09:01 ip-10-134-226-123 CRON[10529]: pam_unix(cron:session): session closed for user root
Nov 25 16:17:01 ip-10-134-226-123 CRON[10539]: pam_unix(cron:session): session opened for user root by (uid=0)
Nov 25 16:17:01 ip-10-134-226-123 CRON[10539]: pam_unix(cron:session): session closed for user root
Nov 25 16:39:01 ip-10-134-226-123 CRON[10543]: pam_unix(cron:session): session opened for user root by (uid=0)
Nov 25 16:39:01 ip-10-134-226-123 CRON[10543]: pam_unix(cron:session): session closed for user root
Nov 25 17:09:01 ip-10-134-226-123 CRON[10562]: pam_unix(cron:session): session opened for user root by (uid=0)
Nov 25 17:09:01 ip-10-134-226-123 CRON[10562]: pam_unix(cron:session): session closed for user root
Nov 25 17:17:01 ip-10-134-226-123 CRON[10572]: pam_unix(cron:session): session opened for user root by (uid=0)
Nov 25 17:17:01 ip-10-134-226-123 CRON[10572]: pam_unix(cron:session): session closed for user root
Nov 25 17:37:39 ip-10-134-226-123 sshd[6403]: fatal: Read from socket failed: Connection reset by peer
Nov 25 17:37:39 ip-10-134-226-123 sshd[6403]: pam_unix(sshd:session): session closed for user root
Nov 25 17:37:46 ip-10-134-226-123 sshd[10579]: Accepted publickey for root from 174.17.107.189 port 60133 ssh2
Nov 25 17:37:46 ip-10-134-226-123 sshd[10579]: pam_unix(sshd:session): session opened for user root by (uid=0)
Nov 25 17:37:47 ip-10-134-226-123 sshd[10579]: subsystem request for sftp
Nov 25 17:39:01 ip-10-134-226-123 CRON[10647]: pam_unix(cron:session): session opened for user root by (uid=0)
Nov 25 17:39:01 ip-10-134-226-123 CRON[10647]: pam_unix(cron:session): session closed for user root
Nov 25 18:09:01 ip-10-134-226-123 CRON[10658]: pam_unix(cron:session): session opened for user root by (uid=0)
Nov 25 18:09:01 ip-10-134-226-123 CRON[10658]: pam_unix(cron:session): session closed for user root
Nov 25 18:17:01 ip-10-134-226-123 CRON[10668]: pam_unix(cron:session): session opened for user root by (uid=0)
Nov 25 18:17:01 ip-10-134-226-123 CRON[10668]: pam_unix(cron:session): session closed for user root
Nov 25 18:39:01 ip-10-134-226-123 CRON[10672]: pam_unix(cron:session): session opened for user root by (uid=0)
Nov 25 18:39:01 ip-10-134-226-123 CRON[10672]: pam_unix(cron:session): session closed for user root
Nov 25 19:09:01 ip-10-134-226-123 CRON[10682]: pam_unix(cron:session): session opened for user root by (uid=0)
Nov 25 19:09:01 ip-10-134-226-123 CRON[10682]: pam_unix(cron:session): session closed for user root
Nov 25 19:17:01 ip-10-134-226-123 CRON[10692]: pam_unix(cron:session): session opened for user root by (uid=0)
Nov 25 19:17:01 ip-10-134-226-123 CRON[10692]: pam_unix(cron:session): session closed for user root
Nov 25 19:39:01 ip-10-134-226-123 CRON[10697]: pam_unix(cron:session): session opened for user root by (uid=0)
Nov 25 19:39:01 ip-10-134-226-123 CRON[10697]: pam_unix(cron:session): session closed for user root
Nov 25 20:05:01 ip-10-134-226-123 CRON[10707]: pam_unix(cron:session): session opened for user root by (uid=0)
Nov 25 20:05:01 ip-10-134-226-123 CRON[10707]: pam_unix(cron:session): session closed for user root
Nov 25 20:09:01 ip-10-134-226-123 CRON[10712]: pam_unix(cron:session): session opened for user root by (uid=0)
Nov 25 20:09:01 ip-10-134-226-123 CRON[10712]: pam_unix(cron:session): session closed for user root
Nov 25 20:17:01 ip-10-134-226-123 CRON[10722]: pam_unix(cron:session): session opened for user root by (uid=0)
Nov 25 20:17:01 ip-10-134-226-123 CRON[10722]: pam_unix(cron:session): session closed for user root
Nov 25 20:39:01 ip-10-134-226-123 CRON[10726]: pam_unix(cron:session): session opened for user root by (uid=0)
Nov 25 20:39:01 ip-10-134-226-123 CRON[10726]: pam_unix(cron:session): session closed for user root
Nov 25 21:09:01 ip-10-134-226-123 CRON[10737]: pam_unix(cron:session): session opened for user root by (uid=0)
Nov 25 21:09:01 ip-10-134-226-123 CRON[10737]: pam_unix(cron:session): session closed for user root
Nov 25 21:17:01 ip-10-134-226-123 CRON[10747]: pam_unix(cron:session): session opened for user root by (uid=0)
Nov 25 21:17:01 ip-10-134-226-123 CRON[10747]: pam_unix(cron:session): session closed for user root
Nov 25 21:39:01 ip-10-134-226-123 CRON[10751]: pam_unix(cron:session): session opened for user root by (uid=0)
Nov 25 21:39:01 ip-10-134-226-123 CRON[10751]: pam_unix(cron:session): session closed for user root
Nov 25 22:09:01 ip-10-134-226-123 CRON[10761]: pam_unix(cron:session): session opened for user root by (uid=0)
Nov 25 22:09:01 ip-10-134-226-123 CRON[10761]: pam_unix(cron:session): session closed for user root
Nov 25 22:17:01 ip-10-134-226-123 CRON[10771]: pam_unix(cron:session): session opened for user root by (uid=0)
Nov 25 22:17:01 ip-10-134-226-123 CRON[10771]: pam_unix(cron:session): session closed for user root
Nov 25 22:39:01 ip-10-134-226-123 CRON[10775]: pam_unix(cron:session): session opened for user root by (uid=0)
Nov 25 22:39:01 ip-10-134-226-123 CRON[10775]: pam_unix(cron:session): session closed for user root
Nov 25 23:09:01 ip-10-134-226-123 CRON[10786]: pam_unix(cron:session): session opened for user root by (uid=0)
Nov 25 23:09:01 ip-10-134-226-123 CRON[10786]: pam_unix(cron:session): session closed for user root
Nov 25 23:17:01 ip-10-134-226-123 CRON[10796]: pam_unix(cron:session): session opened for user root by (uid=0)
Nov 25 23:17:01 ip-10-134-226-123 CRON[10796]: pam_unix(cron:session): session closed for user root
Nov 25 23:22:37 ip-10-134-226-123 sshd[10826]: Invalid user oracle from 178.172.150.251
Nov 25 23:22:39 ip-10-134-226-123 sshd[10829]: Invalid user test from 178.172.150.251
Nov 25 23:22:41 ip-10-134-226-123 sshd[10831]: Invalid user postgres from 178.172.150.251
Nov 25 23:22:43 ip-10-134-226-123 sshd[10833]: Invalid user postgres from 178.172.150.251
Nov 25 23:22:46 ip-10-134-226-123 sshd[10835]: Invalid user oracle from 178.172.150.251
Nov 25 23:22:55 ip-10-134-226-123 sshd[10843]: Invalid user rob from 178.172.150.251
Nov 25 23:22:57 ip-10-134-226-123 sshd[10845]: Invalid user backuppc from 178.172.150.251
Nov 25 23:22:59 ip-10-134-226-123 sshd[10847]: Invalid user user from 178.172.150.251
Nov 25 23:23:01 ip-10-134-226-123 sshd[10849]: Invalid user user from 178.172.150.251
Nov 25 23:23:04 ip-10-134-226-123 sshd[10851]: Invalid user albert from 178.172.150.251
Nov 25 23:23:06 ip-10-134-226-123 sshd[10853]: Invalid user suzana from 178.172.150.251
Nov 25 23:23:11 ip-10-134-226-123 sshd[10857]: Invalid user heather from 178.172.150.251
Nov 25 23:23:13 ip-10-134-226-123 sshd[10859]: Invalid user nagios from 178.172.150.251
Nov 25 23:23:17 ip-10-134-226-123 sshd[10863]: Invalid user alessandra from 178.172.150.251
Nov 25 23:23:20 ip-10-134-226-123 sshd[10865]: Invalid user becca from 178.172.150.251
Nov 25 23:23:29 ip-10-134-226-123 sshd[10873]: Invalid user marina from 178.172.150.251
Nov 25 23:39:01 ip-10-134-226-123 CRON[10877]: pam_unix(cron:session): session opened for user root by (uid=0)
Nov 25 23:39:01 ip-10-134-226-123 CRON[10877]: pam_unix(cron:session): session closed for user root
Nov 26 00:09:01 ip-10-134-226-123 CRON[10887]: pam_unix(cron:session): session opened for user root by (uid=0)
Nov 26 00:09:01 ip-10-134-226-123 CRON[10887]: pam_unix(cron:session): session closed for user root
Nov 26 00:17:01 ip-10-134-226-123 CRON[10897]: pam_unix(cron:session): session opened for user root by (uid=0)
Nov 26 00:17:01 ip-10-134-226-123 CRON[10897]: pam_unix(cron:session): session closed for user root
Nov 26 00:39:01 ip-10-134-226-123 CRON[10902]: pam_unix(cron:session): session opened for user root by (uid=0)
Nov 26 00:39:01 ip-10-134-226-123 CRON[10902]: pam_unix(cron:session): session closed for user root
Nov 26 01:09:01 ip-10-134-226-123 CRON[10912]: pam_unix(cron:session): session opened for user root by (uid=0)
Nov 26 01:09:01 ip-10-134-226-123 CRON[10912]: pam_unix(cron:session): session closed for user root
Nov 26 01:17:01 ip-10-134-226-123 CRON[10922]: pam_unix(cron:session): session opened for user root by (uid=0)
Nov 26 01:17:01 ip-10-134-226-123 CRON[10922]: pam_unix(cron:session): session closed for user root
Nov 26 01:39:01 ip-10-134-226-123 CRON[10926]: pam_unix(cron:session): session opened for user root by (uid=0)
Nov 26 01:39:01 ip-10-134-226-123 CRON[10926]: pam_unix(cron:session): session closed for user root
Nov 26 02:09:01 ip-10-134-226-123 CRON[10971]: pam_unix(cron:session): session opened for user root by (uid=0)
Nov 26 02:09:01 ip-10-134-226-123 CRON[10971]: pam_unix(cron:session): session closed for user root
Nov 26 02:17:01 ip-10-134-226-123 CRON[10981]: pam_unix(cron:session): session opened for user root by (uid=0)
Nov 26 02:17:01 ip-10-134-226-123 CRON[10981]: pam_unix(cron:session): session closed for user root
Nov 26 02:39:01 ip-10-134-226-123 CRON[10985]: pam_unix(cron:session): session opened for user root by (uid=0)
Nov 26 02:39:01 ip-10-134-226-123 CRON[10985]: pam_unix(cron:session): session closed for user root
Nov 26 02:50:37 ip-10-134-226-123 sshd[10996]: Accepted publickey for root from 174.17.107.189 port 63235 ssh2
Nov 26 02:50:37 ip-10-134-226-123 sshd[10996]: pam_unix(sshd:session): session opened for user root by (uid=0)
Nov 26 02:57:38 ip-10-134-226-123 sshd[10996]: Received disconnect from 174.17.107.189: 11: User exited
Nov 26 02:57:38 ip-10-134-226-123 sshd[10996]: pam_unix(sshd:session): session closed for user root
Nov 26 02:59:41 ip-10-134-226-123 sshd[11085]: Accepted publickey for root from 174.17.107.189 port 63542 ssh2
Nov 26 02:59:41 ip-10-134-226-123 sshd[11085]: pam_unix(sshd:session): session opened for user root by (uid=0)
Nov 26 03:01:03 ip-10-134-226-123 sudo:     root : TTY=pts/0 ; PWD=/etc/apache2/sites-available ; USER=root ; COMMAND=/etc/init.d/apache2 restart
Nov 26 03:01:10 ip-10-134-226-123 sshd[11085]: Received disconnect from 174.17.107.189: 11: User exited
Nov 26 03:01:10 ip-10-134-226-123 sshd[11085]: pam_unix(sshd:session): session closed for user root
Nov 26 03:09:01 ip-10-134-226-123 CRON[11211]: pam_unix(cron:session): session opened for user root by (uid=0)
Nov 26 03:09:01 ip-10-134-226-123 CRON[11211]: pam_unix(cron:session): session closed for user root
Nov 26 03:11:43 ip-10-134-226-123 sshd[11221]: Accepted publickey for root from 174.17.107.189 port 63678 ssh2
Nov 26 03:11:43 ip-10-134-226-123 sshd[11221]: pam_unix(sshd:session): session opened for user root by (uid=0)
Nov 26 03:13:14 ip-10-134-226-123 sudo:     root : TTY=pts/0 ; PWD=/var/www/html ; USER=root ; COMMAND=/etc/init.d/apache2 restart
Nov 26 03:13:25 ip-10-134-226-123 sshd[11221]: Received disconnect from 174.17.107.189: 11: User exited
Nov 26 03:13:25 ip-10-134-226-123 sshd[11221]: pam_unix(sshd:session): session closed for user root
Nov 26 03:17:01 ip-10-134-226-123 CRON[11347]: pam_unix(cron:session): session opened for user root by (uid=0)
Nov 26 03:17:01 ip-10-134-226-123 CRON[11347]: pam_unix(cron:session): session closed for user root
Nov 26 03:18:17 ip-10-134-226-123 sshd[11351]: Accepted publickey for root from 174.17.107.189 port 63823 ssh2
Nov 26 03:18:17 ip-10-134-226-123 sshd[11351]: pam_unix(sshd:session): session opened for user root by (uid=0)
Nov 26 03:23:05 ip-10-134-226-123 sshd[11431]: Accepted publickey for root from 174.17.107.189 port 63849 ssh2
Nov 26 03:23:05 ip-10-134-226-123 sshd[11431]: pam_unix(sshd:session): session opened for user root by (uid=0)
Nov 26 03:23:53 ip-10-134-226-123 sshd[11431]: Received disconnect from 174.17.107.189: 11: User exited
Nov 26 03:23:53 ip-10-134-226-123 sshd[11431]: pam_unix(sshd:session): session closed for user root
Nov 26 03:39:01 ip-10-134-226-123 CRON[11517]: pam_unix(cron:session): session opened for user root by (uid=0)
Nov 26 03:39:01 ip-10-134-226-123 CRON[11517]: pam_unix(cron:session): session closed for user root
Nov 26 04:09:01 ip-10-134-226-123 CRON[11539]: pam_unix(cron:session): session opened for user root by (uid=0)
Nov 26 04:09:01 ip-10-134-226-123 CRON[11539]: pam_unix(cron:session): session closed for user root
Nov 26 04:17:01 ip-10-134-226-123 CRON[11552]: pam_unix(cron:session): session opened for user root by (uid=0)
Nov 26 04:17:01 ip-10-134-226-123 CRON[11552]: pam_unix(cron:session): session closed for user root
Nov 26 04:27:08 ip-10-134-226-123 sshd[11556]: Accepted publickey for root from 174.17.107.189 port 65190 ssh2
Nov 26 04:27:08 ip-10-134-226-123 sshd[11556]: pam_unix(sshd:session): session opened for user root by (uid=0)
Nov 26 04:28:01 ip-10-134-226-123 sshd[10579]: pam_unix(sshd:session): session closed for user root
Nov 26 04:28:12 ip-10-134-226-123 sshd[11638]: Accepted publickey for root from 174.17.107.189 port 65194 ssh2
Nov 26 04:28:12 ip-10-134-226-123 sshd[11638]: pam_unix(sshd:session): session opened for user root by (uid=0)
Nov 26 04:28:13 ip-10-134-226-123 sshd[11638]: subsystem request for sftp
Nov 26 04:29:24 ip-10-134-226-123 sshd[11706]: Accepted publickey for root from 174.17.107.189 port 65198 ssh2
Nov 26 04:29:24 ip-10-134-226-123 sshd[11706]: pam_unix(sshd:session): session opened for user root by (uid=0)
Nov 26 04:29:25 ip-10-134-226-123 sshd[11706]: subsystem request for sftp
Nov 26 04:30:28 ip-10-134-226-123 sshd[11706]: pam_unix(sshd:session): session closed for user root
Nov 26 04:34:33 ip-10-134-226-123 sshd[11778]: Accepted publickey for root from 174.17.107.189 port 65467 ssh2
Nov 26 04:34:33 ip-10-134-226-123 sshd[11778]: pam_unix(sshd:session): session opened for user root by (uid=0)
Nov 26 04:34:34 ip-10-134-226-123 sshd[11778]: subsystem request for sftp
